<?xml version="1.0" encoding="UTF-8"?>
<!-- Generated by org.testng.reporters.JUnitXMLReporter -->
<testsuite hostname="Kiraci" ignored="0" name="Default test" tests="4" failures="0" timestamp="07 Ağu 2017 15:35:41 GMT" time="30.311" errors="0">
  <testcase name="verifyHomepageTitle" time="0.033" classname="firstTestNG.happyPath"/>
  <testcase name="login" time="12.832" classname="firstTestNG.happyPath"/>
  <testcase name="logout" time="0.004" classname="firstTestNG.happyPath"/>
  <testcase name="quickpress" time="6.82" classname="firstTestNG.saveDraft"/>
</testsuite> <!-- Default test -->
