<?xml version="1.0" encoding="UTF-8"?>
<!-- Generated by org.testng.reporters.JUnitXMLReporter -->
<testsuite hostname="Kiraci" ignored="0" name="Default test" tests="3" failures="0" timestamp="30 May 2017 16:49:34 GMT" time="22.71" errors="0">
  <testcase name="verifyHomepageTitle" time="0.031" classname="firstTestNG.NewTest"/>
  <testcase name="login" time="10.407" classname="firstTestNG.NewTest"/>
  <testcase name="logout" time="1.886" classname="firstTestNG.NewTest"/>
</testsuite> <!-- Default test -->
