<?xml version="1.0" encoding="UTF-8"?>
<testng-results skipped="0" failed="0" ignored="0" total="4" passed="4">
  <reporter-output>
  </reporter-output>
  <suite name="Default suite" duration-ms="30311" started-at="2017-08-07T15:35:11Z" finished-at="2017-08-07T15:35:41Z">
    <groups>
    </groups>
    <test name="Default test" duration-ms="30311" started-at="2017-08-07T15:35:11Z" finished-at="2017-08-07T15:35:41Z">
      <class name="firstTestNG.saveDraft">
        <test-method status="PASS" signature="setup()[pri:0, instance:firstTestNG.saveDraft@3159c4b8]" name="setup" is-config="true" duration-ms="10374" started-at="2017-08-07T18:35:11Z" finished-at="2017-08-07T18:35:21Z">
          <reporter-output>
          </reporter-output>
        </test-method> <!-- setup -->
        <test-method status="PASS" signature="verifyHomepageTitle()[pri:0, instance:firstTestNG.saveDraft@3159c4b8]" name="verifyHomepageTitle" duration-ms="33" started-at="2017-08-07T18:35:21Z" finished-at="2017-08-07T18:35:21Z">
          <reporter-output>
          </reporter-output>
        </test-method> <!-- verifyHomepageTitle -->
        <test-method status="PASS" signature="login()[pri:1, instance:firstTestNG.saveDraft@3159c4b8]" name="login" duration-ms="12832" started-at="2017-08-07T18:35:21Z" finished-at="2017-08-07T18:35:34Z">
          <reporter-output>
          </reporter-output>
        </test-method> <!-- login -->
        <test-method status="PASS" signature="logout()[pri:2, instance:firstTestNG.saveDraft@3159c4b8]" name="logout" duration-ms="4" started-at="2017-08-07T18:35:34Z" finished-at="2017-08-07T18:35:34Z">
          <reporter-output>
          </reporter-output>
        </test-method> <!-- logout -->
        <test-method status="PASS" signature="quickpress()[pri:2, instance:firstTestNG.saveDraft@3159c4b8]" name="quickpress" duration-ms="6820" started-at="2017-08-07T18:35:34Z" finished-at="2017-08-07T18:35:41Z">
          <reporter-output>
          </reporter-output>
        </test-method> <!-- quickpress -->
        <test-method status="PASS" signature="logout()[pri:0, instance:firstTestNG.saveDraft@3159c4b8]" name="logout" is-config="true" duration-ms="0" started-at="2017-08-07T18:35:41Z" finished-at="2017-08-07T18:35:41Z">
          <reporter-output>
          </reporter-output>
        </test-method> <!-- logout -->
        <test-method status="PASS" signature="close()[pri:0, instance:firstTestNG.saveDraft@3159c4b8]" name="close" is-config="true" duration-ms="193" started-at="2017-08-07T18:35:41Z" depends-on-methods="firstTestNG.saveDraft.logout" finished-at="2017-08-07T18:35:41Z">
          <reporter-output>
          </reporter-output>
        </test-method> <!-- close -->
      </class> <!-- firstTestNG.saveDraft -->
    </test> <!-- Default test -->
  </suite> <!-- Default suite -->
</testng-results>
