<?xml version="1.0" encoding="UTF-8"?>
<!-- Generated by org.testng.reporters.JUnitReportReporter -->
<testsuite skipped="0" hostname="Kiraci" name="firstTestNG.saveDraft" tests="4" failures="0" timestamp="07 Ağu 2017 15:35:41 GMT" time="19.689" errors="0">
  <testcase name="verifyHomepageTitle" time="0.033" classname="firstTestNG.saveDraft"/>
  <testcase name="login" time="12.832" classname="firstTestNG.saveDraft"/>
  <testcase name="logout" time="0.004" classname="firstTestNG.saveDraft"/>
  <testcase name="quickpress" time="6.820" classname="firstTestNG.saveDraft"/>
</testsuite> <!-- firstTestNG.saveDraft -->
